<?xml version="1.0" encoding="UTF-8"?>
<!-- Generated by org.testng.reporters.JUnitReportReporter -->
<testsuite skipped="0" hostname="RISHI" name="a2_bingTest.A1_SampleBing" tests="1" failures="0" timestamp="10 Aug 2023 05:05:21 GMT" time="8.936" errors="0">
  <testcase name="loginGoogleTest" time="8.936" classname="a2_bingTest.A1_SampleBing"/>
</testsuite> <!-- a2_bingTest.A1_SampleBing -->
