<?xml version="1.0" encoding="UTF-8"?>
<!-- Generated by org.testng.reporters.JUnitReportReporter -->
<testsuite skipped="0" hostname="RISHI" name="a1_googleTest.A1_SampleGoogle" tests="1" failures="0" timestamp="10 Aug 2023 05:05:21 GMT" time="17.212" errors="0">
  <testcase name="loginGoogleTest" time="17.212" classname="a1_googleTest.A1_SampleGoogle"/>
</testsuite> <!-- a1_googleTest.A1_SampleGoogle -->
